<?xml version="1.0" encoding="UTF-8"?>
<!-- Generated by org.testng.reporters.JUnitXMLReporter -->
<testsuite ignored="0" hostname="LAPTOP-JH6L6V8L" failures="0" tests="2" name="Test-Run-1" time="88.319" errors="0" timestamp="2023-04-14T19:56:44 IST">
  <testcase classname="vtiger.Contacts.Tests.CreateContactWithOrganizationTest" name="createContactWithOrgTest" time="61.474"/>
  <testcase classname="vtiger.Contacts.Tests.CreateContactWithOrganizationTest" name="demo" time="0.002"/>
</testsuite> <!-- Test-Run-1 -->
