<?xml version="1.0" encoding="UTF-8"?>
<!-- Generated by org.testng.reporters.JUnitXMLReporter -->
<testsuite ignored="0" hostname="LAPTOP-JH6L6V8L" failures="0" tests="1" name="Test-Run-2" time="60.231" errors="0" timestamp="2023-04-14T19:56:16 IST">
  <testcase classname="vtiger.Organization.Tests.CreateOrganizationTest" name="createOrganizationTest" time="43.207"/>
</testsuite> <!-- Test-Run-2 -->
